{"/home/ero12002/products-service/credentials.js": {"path":"/home/ero12002/products-service/credentials.js","statementMap":{"0":{"start":{"line":1,"column":0},"end":{"line":3,"column":2}}},"fnMap":{},"branchMap":{},"s":{"0":1},"f":{},"b":{},"_coverageSchema":"1a1c01bbd47fc00a2c39e90264f33305004495a9","hash":"07a1730d19a7d620329c3fc00db14ff91d3b2f88"}
,"/home/ero12002/products-service/postgresConfig.js": {"path":"/home/ero12002/products-service/postgresConfig.js","statementMap":{"0":{"start":{"line":1,"column":17},"end":{"line":1,"column":27}},"1":{"start":{"line":2,"column":17},"end":{"line":2,"column":27}},"2":{"start":{"line":3,"column":17},"end":{"line":3,"column":33}},"3":{"start":{"line":5,"column":0},"end":{"line":7,"column":1}}},"fnMap":{},"branchMap":{},"s":{"0":2,"1":2,"2":2,"3":2},"f":{},"b":{},"_coverageSchema":"1a1c01bbd47fc00a2c39e90264f33305004495a9","hash":"31abfc16f84729ed80b152817ae10a53744926fb"}
,"/home/ero12002/products-service/server.js": {"path":"/home/ero12002/products-service/server.js","statementMap":{"0":{"start":{"line":1,"column":16},"end":{"line":1,"column":34}},"1":{"start":{"line":2,"column":12},"end":{"line":2,"column":21}},"2":{"start":{"line":3,"column":13},"end":{"line":3,"column":17}},"3":{"start":{"line":4,"column":20},"end":{"line":4,"column":42}},"4":{"start":{"line":5,"column":13},"end":{"line":5,"column":43}},"5":{"start":{"line":6,"column":19},"end":{"line":6,"column":41}},"6":{"start":{"line":7,"column":12},"end":{"line":7,"column":35}},"7":{"start":{"line":8,"column":11},"end":{"line":8,"column":104}},"8":{"start":{"line":9,"column":20},"end":{"line":9,"column":47}},"9":{"start":{"line":11,"column":0},"end":{"line":11,"column":23}},"10":{"start":{"line":12,"column":0},"end":{"line":12,"column":24}},"11":{"start":{"line":13,"column":0},"end":{"line":13,"column":51}},"12":{"start":{"line":14,"column":0},"end":{"line":14,"column":27}},"13":{"start":{"line":87,"column":0},"end":{"line":90,"column":2}},"14":{"start":{"line":89,"column":2},"end":{"line":89,"column":49}},"15":{"start":{"line":92,"column":0},"end":{"line":123,"column":2}},"16":{"start":{"line":94,"column":2},"end":{"line":121,"column":3}},"17":{"start":{"line":97,"column":4},"end":{"line":105,"column":6}},"18":{"start":{"line":100,"column":6},"end":{"line":100,"column":24}},"19":{"start":{"line":103,"column":6},"end":{"line":103,"column":23}},"20":{"start":{"line":104,"column":6},"end":{"line":104,"column":25}},"21":{"start":{"line":107,"column":9},"end":{"line":121,"column":3}},"22":{"start":{"line":109,"column":4},"end":{"line":117,"column":6}},"23":{"start":{"line":112,"column":6},"end":{"line":112,"column":27}},"24":{"start":{"line":115,"column":6},"end":{"line":115,"column":23}},"25":{"start":{"line":116,"column":6},"end":{"line":116,"column":25}},"26":{"start":{"line":119,"column":4},"end":{"line":119,"column":33}},"27":{"start":{"line":120,"column":4},"end":{"line":120,"column":24}},"28":{"start":{"line":124,"column":0},"end":{"line":175,"column":2}},"29":{"start":{"line":125,"column":21},"end":{"line":125,"column":23}},"30":{"start":{"line":126,"column":2},"end":{"line":126,"column":47}},"31":{"start":{"line":128,"column":2},"end":{"line":174,"column":3}},"32":{"start":{"line":129,"column":17},"end":{"line":129,"column":19}},"33":{"start":{"line":131,"column":4},"end":{"line":137,"column":6}},"34":{"start":{"line":133,"column":6},"end":{"line":133,"column":21}},"35":{"start":{"line":136,"column":6},"end":{"line":136,"column":26}},"36":{"start":{"line":139,"column":4},"end":{"line":168,"column":5}},"37":{"start":{"line":139,"column":17},"end":{"line":139,"column":18}},"38":{"start":{"line":140,"column":23},"end":{"line":140,"column":46}},"39":{"start":{"line":141,"column":6},"end":{"line":141,"column":41}},"40":{"start":{"line":143,"column":18},"end":{"line":143,"column":20}},"41":{"start":{"line":144,"column":6},"end":{"line":150,"column":8}},"42":{"start":{"line":146,"column":8},"end":{"line":146,"column":23}},"43":{"start":{"line":149,"column":8},"end":{"line":149,"column":28}},"44":{"start":{"line":151,"column":6},"end":{"line":151,"column":31}},"45":{"start":{"line":152,"column":6},"end":{"line":152,"column":26}},"46":{"start":{"line":154,"column":33},"end":{"line":154,"column":35}},"47":{"start":{"line":155,"column":6},"end":{"line":160,"column":8}},"48":{"start":{"line":157,"column":8},"end":{"line":157,"column":20}},"49":{"start":{"line":159,"column":8},"end":{"line":159,"column":28}},"50":{"start":{"line":161,"column":6},"end":{"line":166,"column":7}},"51":{"start":{"line":161,"column":18},"end":{"line":161,"column":19}},"52":{"start":{"line":162,"column":8},"end":{"line":165,"column":10}},"53":{"start":{"line":169,"column":4},"end":{"line":169,"column":34}},"54":{"start":{"line":170,"column":4},"end":{"line":170,"column":27}},"55":{"start":{"line":173,"column":4},"end":{"line":173,"column":24}},"56":{"start":{"line":177,"column":0},"end":{"line":192,"column":2}},"57":{"start":{"line":179,"column":2},"end":{"line":191,"column":4}},"58":{"start":{"line":181,"column":15},"end":{"line":181,"column":17}},"59":{"start":{"line":182,"column":4},"end":{"line":185,"column":5}},"60":{"start":{"line":182,"column":16},"end":{"line":182,"column":17}},"61":{"start":{"line":183,"column":6},"end":{"line":183,"column":47}},"62":{"start":{"line":186,"column":4},"end":{"line":186,"column":19}},"63":{"start":{"line":189,"column":4},"end":{"line":189,"column":21}},"64":{"start":{"line":190,"column":4},"end":{"line":190,"column":24}},"65":{"start":{"line":194,"column":0},"end":{"line":196,"column":2}},"66":{"start":{"line":195,"column":2},"end":{"line":195,"column":66}},"67":{"start":{"line":198,"column":0},"end":{"line":200,"column":1}}},"fnMap":{"0":{"name":"(anonymous_0)","decl":{"start":{"line":87,"column":13},"end":{"line":87,"column":14}},"loc":{"start":{"line":87,"column":27},"end":{"line":90,"column":1}},"line":87},"1":{"name":"(anonymous_1)","decl":{"start":{"line":92,"column":21},"end":{"line":92,"column":22}},"loc":{"start":{"line":92,"column":33},"end":{"line":123,"column":1}},"line":92},"2":{"name":"(anonymous_2)","decl":{"start":{"line":98,"column":10},"end":{"line":98,"column":11}},"loc":{"start":{"line":98,"column":21},"end":{"line":101,"column":5}},"line":98},"3":{"name":"(anonymous_3)","decl":{"start":{"line":102,"column":11},"end":{"line":102,"column":12}},"loc":{"start":{"line":102,"column":18},"end":{"line":105,"column":5}},"line":102},"4":{"name":"(anonymous_4)","decl":{"start":{"line":110,"column":10},"end":{"line":110,"column":11}},"loc":{"start":{"line":110,"column":21},"end":{"line":113,"column":5}},"line":110},"5":{"name":"(anonymous_5)","decl":{"start":{"line":114,"column":11},"end":{"line":114,"column":12}},"loc":{"start":{"line":114,"column":18},"end":{"line":117,"column":5}},"line":114},"6":{"name":"(anonymous_6)","decl":{"start":{"line":124,"column":28},"end":{"line":124,"column":29}},"loc":{"start":{"line":124,"column":46},"end":{"line":175,"column":1}},"line":124},"7":{"name":"(anonymous_7)","decl":{"start":{"line":132,"column":10},"end":{"line":132,"column":11}},"loc":{"start":{"line":132,"column":21},"end":{"line":134,"column":7}},"line":132},"8":{"name":"(anonymous_8)","decl":{"start":{"line":135,"column":12},"end":{"line":135,"column":13}},"loc":{"start":{"line":135,"column":19},"end":{"line":137,"column":5}},"line":135},"9":{"name":"(anonymous_9)","decl":{"start":{"line":145,"column":12},"end":{"line":145,"column":13}},"loc":{"start":{"line":145,"column":23},"end":{"line":147,"column":9}},"line":145},"10":{"name":"(anonymous_10)","decl":{"start":{"line":148,"column":14},"end":{"line":148,"column":15}},"loc":{"start":{"line":148,"column":21},"end":{"line":150,"column":7}},"line":148},"11":{"name":"(anonymous_11)","decl":{"start":{"line":156,"column":12},"end":{"line":156,"column":13}},"loc":{"start":{"line":156,"column":20},"end":{"line":158,"column":7}},"line":156},"12":{"name":"(anonymous_12)","decl":{"start":{"line":158,"column":15},"end":{"line":158,"column":16}},"loc":{"start":{"line":158,"column":22},"end":{"line":160,"column":7}},"line":158},"13":{"name":"(anonymous_13)","decl":{"start":{"line":177,"column":29},"end":{"line":177,"column":30}},"loc":{"start":{"line":177,"column":41},"end":{"line":192,"column":1}},"line":177},"14":{"name":"(anonymous_14)","decl":{"start":{"line":180,"column":8},"end":{"line":180,"column":9}},"loc":{"start":{"line":180,"column":25},"end":{"line":187,"column":3}},"line":180},"15":{"name":"(anonymous_15)","decl":{"start":{"line":188,"column":9},"end":{"line":188,"column":10}},"loc":{"start":{"line":188,"column":16},"end":{"line":191,"column":3}},"line":188},"16":{"name":"(anonymous_16)","decl":{"start":{"line":194,"column":17},"end":{"line":194,"column":18}},"loc":{"start":{"line":194,"column":23},"end":{"line":196,"column":1}},"line":194}},"branchMap":{"0":{"loc":{"start":{"line":94,"column":2},"end":{"line":121,"column":3}},"type":"if","locations":[{"start":{"line":94,"column":2},"end":{"line":121,"column":3}},{"start":{"line":107,"column":9},"end":{"line":121,"column":3}}],"line":94},"1":{"loc":{"start":{"line":94,"column":5},"end":{"line":94,"column":86}},"type":"binary-expr","locations":[{"start":{"line":94,"column":5},"end":{"line":94,"column":60}},{"start":{"line":94,"column":64},"end":{"line":94,"column":86}}],"line":94},"2":{"loc":{"start":{"line":107,"column":9},"end":{"line":121,"column":3}},"type":"if","locations":[{"start":{"line":107,"column":9},"end":{"line":121,"column":3}},{"start":{"line":118,"column":9},"end":{"line":121,"column":3}}],"line":107},"3":{"loc":{"start":{"line":107,"column":12},"end":{"line":107,"column":93}},"type":"binary-expr","locations":[{"start":{"line":107,"column":12},"end":{"line":107,"column":67}},{"start":{"line":107,"column":71},"end":{"line":107,"column":93}}],"line":107},"4":{"loc":{"start":{"line":128,"column":2},"end":{"line":174,"column":3}},"type":"if","locations":[{"start":{"line":128,"column":2},"end":{"line":174,"column":3}},{"start":{"line":172,"column":9},"end":{"line":174,"column":3}}],"line":128},"5":{"loc":{"start":{"line":128,"column":5},"end":{"line":128,"column":86}},"type":"binary-expr","locations":[{"start":{"line":128,"column":5},"end":{"line":128,"column":60}},{"start":{"line":128,"column":64},"end":{"line":128,"column":86}}],"line":128}},"s":{"0":1,"1":1,"2":1,"3":1,"4":1,"5":1,"6":1,"7":1,"8":1,"9":1,"10":1,"11":1,"12":1,"13":1,"14":0,"15":1,"16":0,"17":0,"18":0,"19":0,"20":0,"21":0,"22":0,"23":0,"24":0,"25":0,"26":0,"27":0,"28":1,"29":0,"30":0,"31":0,"32":0,"33":0,"34":0,"35":0,"36":0,"37":0,"38":0,"39":0,"40":0,"41":0,"42":0,"43":0,"44":0,"45":0,"46":0,"47":0,"48":0,"49":0,"50":0,"51":0,"52":0,"53":0,"54":0,"55":0,"56":1,"57":0,"58":0,"59":0,"60":0,"61":0,"62":0,"63":0,"64":0,"65":1,"66":0,"67":1},"f":{"0":0,"1":0,"2":0,"3":0,"4":0,"5":0,"6":0,"7":0,"8":0,"9":0,"10":0,"11":0,"12":0,"13":0,"14":0,"15":0,"16":0},"b":{"0":[0,0],"1":[0,0],"2":[0,0],"3":[0,0],"4":[0,0],"5":[0,0]},"_coverageSchema":"1a1c01bbd47fc00a2c39e90264f33305004495a9","hash":"a2ec959b12030f6df393abb315c2d46187d82898"}
}
