{"/home/ero12002/products-service/postgresConfig.js": {"path":"/home/ero12002/products-service/postgresConfig.js","statementMap":{"0":{"start":{"line":1,"column":17},"end":{"line":1,"column":27}},"1":{"start":{"line":2,"column":17},"end":{"line":2,"column":27}},"2":{"start":{"line":3,"column":17},"end":{"line":3,"column":33}},"3":{"start":{"line":5,"column":0},"end":{"line":7,"column":1}}},"fnMap":{},"branchMap":{},"s":{"0":1,"1":1,"2":1,"3":1},"f":{},"b":{},"_coverageSchema":"1a1c01bbd47fc00a2c39e90264f33305004495a9","hash":"31abfc16f84729ed80b152817ae10a53744926fb"}
}
